<?xml version="1.0" encoding="UTF-8"?>
<testsuite xmlns:xsi="http://www.w3.org/2001/XMLSchema-instance" xsi:noNamespaceSchemaLocation="https://maven.apache.org/surefire/maven-surefire-plugin/xsd/surefire-test-report.xsd" version="3.0.2" name="de.muenchen.gitwrapped.configuration.CacheControlConfigurationTest" time="21.676" tests="1" errors="0" skipped="0" failures="0">
  <properties>
[...]
</properties>
  <testcase name="testForCacheControlHeadersForEntityEndpoint" classname="de.muenchen.gitwrapped.configuration.CacheControlConfigurationTest" time="1.528">
    <system-out><![CDATA[20:17:31.607 [main] INFO org.testcontainers.images.PullPolicy -- Image pull policy will be performed by: DefaultPullPolicy()
20:17:31.625 [main] INFO org.testcontainers.utility.ImageNameSubstitutor -- Image name substitution will be performed by: DefaultImageNameSubstitutor (composite of 'ConfigurationFileImageNameSubstitutor' and 'PrefixingImageNameSubstitutor')
20:17:31.725 [main] INFO org.testcontainers.DockerClientFactory -- Testcontainers version: 1.20.6
20:17:32.448 [main] INFO org.testcontainers.dockerclient.DockerClientProviderStrategy -- Loaded org.testcontainers.dockerclient.NpipeSocketClientProviderStrategy from ~/.testcontainers.properties, will try it first
20:17:33.292 [main] INFO org.testcontainers.dockerclient.DockerClientProviderStrategy -- Found Docker environment with local Npipe socket (npipe:////./pipe/docker_engine)
20:17:33.295 [main] INFO org.testcontainers.DockerClientFactory -- Docker host IP address is localhost
20:17:33.331 [main] INFO org.testcontainers.DockerClientFactory -- Connected to docker: 
  Server Version: 28.0.4
  API Version: 1.48
  Operating System: Docker Desktop
  Total Memory: 7919 MB
  Labels: 
    com.docker.desktop.address=npipe://\\.\pipe\docker_cli
20:17:33.388 [main] INFO tc.testcontainers/ryuk:0.11.0 -- Creating container for image: testcontainers/ryuk:0.11.0
20:17:33.842 [main] INFO tc.testcontainers/ryuk:0.11.0 -- Container testcontainers/ryuk:0.11.0 is starting: d491ff7c2ce83a430e085ff2433b1b514d7b02da2ea310b72ab5f5aaf99b6946
20:17:34.651 [main] INFO tc.testcontainers/ryuk:0.11.0 -- Container testcontainers/ryuk:0.11.0 started in PT1.2629007S
20:17:34.668 [main] INFO org.testcontainers.utility.RyukResourceReaper -- Ryuk started - will monitor and terminate Testcontainers containers on JVM exit
20:17:34.668 [main] INFO org.testcontainers.DockerClientFactory -- Checking the system...
20:17:34.670 [main] INFO org.testcontainers.DockerClientFactory -- ✔︎ Docker server version should be at least 1.6.0
20:17:34.673 [main] INFO tc.postgres:16.0-alpine3.18 -- Creating container for image: postgres:16.0-alpine3.18
20:17:34.786 [main] INFO tc.postgres:16.0-alpine3.18 -- Container postgres:16.0-alpine3.18 is starting: d61ba739bceba9a4ac427a49afe071ec00c4bb6963db3f7d4e4d34acdeeebbb7
20:17:36.971 [main] INFO tc.postgres:16.0-alpine3.18 -- Container postgres:16.0-alpine3.18 started in PT2.2984007S
20:17:36.972 [main] INFO tc.postgres:16.0-alpine3.18 -- Container is started (JDBC URL: jdbc:postgresql://localhost:53145/test?loggerLevel=OFF)
---------------------------------------------------------------------------------------------------------------------------------------------------
gitwrapped-backend

Application Version    : 0.0.1-SNAPSHOT
Java Version           : 21.0.7
Spring Boot Version    : 3.4.4
Spring Cloud Version   : 2024.0.1
Active Spring Profiles : 
About                  : This is an Annual Review app for Git Users

This project is based on the reference architecture templates of it@M maintained under https://github.com/it-at-m/refarch-templates.
Do you have suggestions for improvement? Please take a look at https://github.com/it-at-m/refarch-templates/issues/new/choose to open an issue.
If you want to provide a PR please take a look at our Contribution Guidelines.
---------------------------------------------------------------------------------------------------------------------------------------------------

2025.07.01 20:17:38.690 | gitwrapped-backend | TraceId:  | SpanId: ] | INFO | [background-preinit] | Version | [Version.java : 21] - HV000001: Hibernate Validator 8.0.2.Final
2025.07.01 20:17:38.883 | gitwrapped-backend | TraceId:  | SpanId: ] | INFO | [main] | CacheControlConfigurationTest | [StartupInfoLogger.java : 53] - Starting CacheControlConfigurationTest using Java 21.0.7 with PID 22944 (started by hayda in C:\Users\hayda\IdeaProjects\Git-Wrapped-LHM\git-wrapped)
2025.07.01 20:17:38.884 | gitwrapped-backend | TraceId:  | SpanId: ] | DEBUG | [main] | CacheControlConfigurationTest | [StartupInfoLogger.java : 54] - Running with Spring Boot v3.4.4, Spring v6.2.5
2025.07.01 20:17:38.885 | gitwrapped-backend | TraceId:  | SpanId: ] | INFO | [main] | CacheControlConfigurationTest | [SpringApplication.java : 658] - The following 2 profiles are active: "test", "no-security"
2025.07.01 20:17:41.023 | gitwrapped-backend | TraceId:  | SpanId: ] | INFO | [main] | RepositoryConfigurationDelegate | [RepositoryConfigurationDelegate.java : 143] - Bootstrapping Spring Data JPA repositories in DEFAULT mode.
2025.07.01 20:17:41.131 | gitwrapped-backend | TraceId:  | SpanId: ] | INFO | [main] | RepositoryConfigurationDelegate | [RepositoryConfigurationDelegate.java : 211] - Finished Spring Data repository scanning in 89 ms. Found 1 JPA repository interface.
2025.07.01 20:17:42.706 | gitwrapped-backend | TraceId:  | SpanId: ] | INFO | [main] | TomcatWebServer | [TomcatWebServer.java : 111] - Tomcat initialized with port 0 (http)
2025.07.01 20:17:42.732 | gitwrapped-backend | TraceId:  | SpanId: ] | INFO | [main] | Http11NioProtocol | [DirectJDKLog.java : 173] - Initializing ProtocolHandler ["http-nio-auto-1"]
2025.07.01 20:17:42.735 | gitwrapped-backend | TraceId:  | SpanId: ] | INFO | [main] | StandardService | [DirectJDKLog.java : 173] - Starting service [Tomcat]
2025.07.01 20:17:42.735 | gitwrapped-backend | TraceId:  | SpanId: ] | INFO | [main] | StandardEngine | [DirectJDKLog.java : 173] - Starting Servlet engine: [Apache Tomcat/10.1.39]
2025.07.01 20:17:42.847 | gitwrapped-backend | TraceId:  | SpanId: ] | INFO | [main] | [/] | [DirectJDKLog.java : 173] - Initializing Spring embedded WebApplicationContext
2025.07.01 20:17:42.849 | gitwrapped-backend | TraceId:  | SpanId: ] | INFO | [main] | ServletWebServerApplicationContext | [ServletWebServerApplicationContext.java : 301] - Root WebApplicationContext: initialization completed in 3924 ms
2025.07.01 20:17:43.367 | gitwrapped-backend | TraceId:  | SpanId: ] | DEBUG | [main] | ServerHttpObservationFilter | [GenericFilterBean.java : 240] - Filter 'webMvcObservationFilter' configured for use
2025.07.01 20:17:43.378 | gitwrapped-backend | TraceId:  | SpanId: ] | INFO | [main] | NfcRequestFilter | [NfcRequestFilter.java : 74] - Enabled content-type filtering to NFC for: text/html; application/json; application/hal+json; text/plain
2025.07.01 20:17:43.378 | gitwrapped-backend | TraceId:  | SpanId: ] | DEBUG | [main] | NfcRequestFilter | [GenericFilterBean.java : 240] - Filter 'nfcRequestFilter' configured for use
2025.07.01 20:17:43.379 | gitwrapped-backend | TraceId:  | SpanId: ] | DEBUG | [main] | ForwardedHeaderFilter | [GenericFilterBean.java : 240] - Filter 'forwardedHeaderFilter' configured for use
2025.07.01 20:17:43.380 | gitwrapped-backend | TraceId:  | SpanId: ] | DEBUG | [main] | CacheControlConfiguration$CacheControlFilter | [GenericFilterBean.java : 240] - Filter 'cacheControlFilter' configured for use
2025.07.01 20:17:44.325 | gitwrapped-backend | TraceId:  | SpanId: ] | INFO | [main] | FlywayExecutor | [Slf4jLog.java : 41] - Database: jdbc:postgresql://localhost:53145/test?loggerLevel=OFF (PostgreSQL 16.0)
2025.07.01 20:17:44.404 | gitwrapped-backend | TraceId:  | SpanId: ] | INFO | [main] | JdbcTableSchemaHistory | [Slf4jLog.java : 41] - Schema history table "public"."flyway_schema_history" does not exist yet
2025.07.01 20:17:44.412 | gitwrapped-backend | TraceId:  | SpanId: ] | INFO | [main] | DbValidate | [Slf4jLog.java : 41] - Successfully validated 1 migration (execution time 00:00.037s)
2025.07.01 20:17:44.445 | gitwrapped-backend | TraceId:  | SpanId: ] | INFO | [main] | JdbcTableSchemaHistory | [Slf4jLog.java : 41] - Creating Schema History table "public"."flyway_schema_history" ...
2025.07.01 20:17:44.539 | gitwrapped-backend | TraceId:  | SpanId: ] | INFO | [main] | DbMigrate | [Slf4jLog.java : 41] - Current version of schema "public": << Empty Schema >>
2025.07.01 20:17:44.555 | gitwrapped-backend | TraceId:  | SpanId: ] | INFO | [main] | DbMigrate | [Slf4jLog.java : 41] - Migrating schema "public" to version "001 - TheEntity schema"
2025.07.01 20:17:44.602 | gitwrapped-backend | TraceId:  | SpanId: ] | INFO | [main] | DbMigrate | [Slf4jLog.java : 41] - Successfully applied 1 migration to schema "public", now at version v001 (execution time 00:00.016s)
2025.07.01 20:17:44.783 | gitwrapped-backend | TraceId:  | SpanId: ] | INFO | [main] | LogHelper | [LogHelper.java : 31] - HHH000204: Processing PersistenceUnitInfo [name: default]
2025.07.01 20:17:44.926 | gitwrapped-backend | TraceId:  | SpanId: ] | INFO | [main] | Version | [Version.java : 44] - HHH000412: Hibernate ORM core version 6.6.11.Final
2025.07.01 20:17:45.001 | gitwrapped-backend | TraceId:  | SpanId: ] | INFO | [main] | RegionFactoryInitiator | [RegionFactoryInitiator.java : 50] - HHH000026: Second-level cache disabled
2025.07.01 20:17:45.674 | gitwrapped-backend | TraceId:  | SpanId: ] | INFO | [main] | SpringPersistenceUnitInfo | [SpringPersistenceUnitInfo.java : 87] - No LoadTimeWeaver setup: ignoring JPA class transformer
2025.07.01 20:17:45.743 | gitwrapped-backend | TraceId:  | SpanId: ] | INFO | [main] | HikariDataSource | [HikariDataSource.java : 109] - HikariPool-1 - Starting...
2025.07.01 20:17:45.797 | gitwrapped-backend | TraceId:  | SpanId: ] | INFO | [main] | HikariPool | [HikariPool.java : 554] - HikariPool-1 - Added connection org.postgresql.jdbc.PgConnection@67b4691c
2025.07.01 20:17:45.803 | gitwrapped-backend | TraceId:  | SpanId: ] | INFO | [main] | HikariDataSource | [HikariDataSource.java : 122] - HikariPool-1 - Start completed.
2025.07.01 20:17:45.977 | gitwrapped-backend | TraceId:  | SpanId: ] | INFO | [main] | pooling | [JdbcEnvironmentInitiator.java : 157] - HHH10001005: Database info:
	Database JDBC URL [Connecting through datasource 'HikariDataSource (HikariPool-1)']
	Database driver: undefined/unknown
	Database version: 16.0
	Autocommit mode: undefined/unknown
	Isolation level: undefined/unknown
	Minimum pool size: undefined/unknown
	Maximum pool size: undefined/unknown
2025.07.01 20:17:47.742 | gitwrapped-backend | TraceId:  | SpanId: ] | INFO | [main] | JtaPlatformInitiator | [JtaPlatformInitiator.java : 59] - HHH000489: No JTA platform available (set 'hibernate.transaction.jta.platform' to enable JTA platform integration)
2025.07.01 20:17:47.802 | gitwrapped-backend | TraceId:  | SpanId: ] | INFO | [main] | LocalContainerEntityManagerFactoryBean | [AbstractEntityManagerFactoryBean.java : 447] - Initialized JPA EntityManagerFactory for persistence unit 'default'
2025.07.01 20:17:48.342 | gitwrapped-backend | TraceId:  | SpanId: ] | WARN | [main] | JpaBaseConfiguration$JpaWebConfiguration | [JpaBaseConfiguration.java : 258] - spring.jpa.open-in-view is enabled by default. Therefore, database queries may be performed during view rendering. Explicitly configure spring.jpa.open-in-view to disable this warning
2025.07.01 20:17:48.708 | gitwrapped-backend | TraceId:  | SpanId: ] | DEBUG | [main] | RequestMappingHandlerMapping | [AbstractHandlerMethodMapping.java : 366] - 7 mappings in 'requestMappingHandlerMapping'
2025.07.01 20:17:49.003 | gitwrapped-backend | TraceId:  | SpanId: ] | DEBUG | [main] | SimpleUrlHandlerMapping | [SimpleUrlHandlerMapping.java : 187] - Patterns [/webjars/**, /**] in 'resourceHandlerMapping'
2025.07.01 20:17:49.649 | gitwrapped-backend | TraceId:  | SpanId: ] | INFO | [main] | EndpointLinksResolver | [EndpointLinksResolver.java : 60] - Exposing 2 endpoints beneath base path '/actuator'
2025.07.01 20:17:49.967 | gitwrapped-backend | TraceId:  | SpanId: ] | DEBUG | [main] | RequestMappingHandlerAdapter | [RequestMappingHandlerAdapter.java : 666] - ControllerAdvice beans: 0 @ModelAttribute, 0 @InitBinder, 1 RequestBodyAdvice, 1 ResponseBodyAdvice
2025.07.01 20:17:50.114 | gitwrapped-backend | TraceId:  | SpanId: ] | DEBUG | [main] | ExceptionHandlerExceptionResolver | [ExceptionHandlerExceptionResolver.java : 336] - ControllerAdvice beans: 0 @ExceptionHandler, 1 ResponseBodyAdvice
2025.07.01 20:17:50.600 | gitwrapped-backend | TraceId:  | SpanId: ] | INFO | [main] | Http11NioProtocol | [DirectJDKLog.java : 173] - Starting ProtocolHandler ["http-nio-auto-1"]
2025.07.01 20:17:50.631 | gitwrapped-backend | TraceId:  | SpanId: ] | INFO | [main] | TomcatWebServer | [TomcatWebServer.java : 243] - Tomcat started on port 53168 (http) with context path '/'
2025.07.01 20:17:50.654 | gitwrapped-backend | TraceId:  | SpanId: ] | INFO | [main] | CacheControlConfigurationTest | [StartupInfoLogger.java : 59] - Started CacheControlConfigurationTest in 12.844 seconds (process running for 20.967)
2025.07.01 20:17:51.558 | gitwrapped-backend | TraceId:  | SpanId: ] | DEBUG | [main] | RestTemplate | [CompositeLog.java : 127] - HTTP GET http://localhost:53168/theEntity
2025.07.01 20:17:51.598 | gitwrapped-backend | TraceId: 6864264f6ad54b674c12cfe4c8d5e043 | SpanId: 4c12cfe4c8d5e043] | DEBUG | [main] | RestTemplate | [CompositeLog.java : 127] - Accept=[text/plain, application/json, application/*+json, */*]
2025.07.01 20:17:51.782 | gitwrapped-backend | TraceId:  | SpanId: ] | INFO | [http-nio-auto-1-exec-1] | [/] | [DirectJDKLog.java : 173] - Initializing Spring DispatcherServlet 'dispatcherServlet'
2025.07.01 20:17:51.782 | gitwrapped-backend | TraceId:  | SpanId: ] | INFO | [http-nio-auto-1-exec-1] | DispatcherServlet | [FrameworkServlet.java : 532] - Initializing Servlet 'dispatcherServlet'
2025.07.01 20:17:51.783 | gitwrapped-backend | TraceId:  | SpanId: ] | DEBUG | [http-nio-auto-1-exec-1] | DispatcherServlet | [DispatcherServlet.java : 533] - Detected StandardServletMultipartResolver
2025.07.01 20:17:51.783 | gitwrapped-backend | TraceId:  | SpanId: ] | DEBUG | [http-nio-auto-1-exec-1] | DispatcherServlet | [DispatcherServlet.java : 557] - Detected AcceptHeaderLocaleResolver
2025.07.01 20:17:51.783 | gitwrapped-backend | TraceId:  | SpanId: ] | DEBUG | [http-nio-auto-1-exec-1] | DispatcherServlet | [DispatcherServlet.java : 583] - Detected FixedThemeResolver
2025.07.01 20:17:51.784 | gitwrapped-backend | TraceId:  | SpanId: ] | DEBUG | [http-nio-auto-1-exec-1] | DispatcherServlet | [DispatcherServlet.java : 733] - Detected org.springframework.web.servlet.view.DefaultRequestToViewNameTranslator@7404d320
2025.07.01 20:17:51.785 | gitwrapped-backend | TraceId:  | SpanId: ] | DEBUG | [http-nio-auto-1-exec-1] | DispatcherServlet | [DispatcherServlet.java : 797] - Detected org.springframework.web.servlet.support.SessionFlashMapManager@5e1a0799
2025.07.01 20:17:51.785 | gitwrapped-backend | TraceId:  | SpanId: ] | DEBUG | [http-nio-auto-1-exec-1] | DispatcherServlet | [FrameworkServlet.java : 549] - enableLoggingRequestDetails='false': request parameters and headers will be masked to prevent unsafe logging of potentially sensitive data
2025.07.01 20:17:51.786 | gitwrapped-backend | TraceId:  | SpanId: ] | INFO | [http-nio-auto-1-exec-1] | DispatcherServlet | [FrameworkServlet.java : 554] - Completed initialization in 3 ms
2025.07.01 20:17:51.850 | gitwrapped-backend | TraceId: 6864264f6ab807018461343e437f0154 | SpanId: beda4aeb48ce2740] | DEBUG | [http-nio-auto-1-exec-1] | NfcRequestFilter | [NfcRequestFilter.java : 83] - Request-Type=org.springframework.security.web.servletapi.HttpServlet3RequestFactory$Servlet3SecurityContextHolderAwareRequestWrapper
2025.07.01 20:17:51.850 | gitwrapped-backend | TraceId: 6864264f6ab807018461343e437f0154 | SpanId: beda4aeb48ce2740] | DEBUG | [http-nio-auto-1-exec-1] | NfcRequestFilter | [NfcRequestFilter.java : 84] - Intercepting request for URI /theEntity
2025.07.01 20:17:51.851 | gitwrapped-backend | TraceId: 6864264f6ab807018461343e437f0154 | SpanId: beda4aeb48ce2740] | DEBUG | [http-nio-auto-1-exec-1] | NfcRequestFilter | [NfcRequestFilter.java : 87] - ContentType for request with URI: "null"
2025.07.01 20:17:51.851 | gitwrapped-backend | TraceId: 6864264f6ab807018461343e437f0154 | SpanId: beda4aeb48ce2740] | DEBUG | [http-nio-auto-1-exec-1] | NfcRequestFilter | [NfcRequestFilter.java : 92] - Skip processing of HTTP request since it's content type "null" is not in whitelist.
2025.07.01 20:17:51.854 | gitwrapped-backend | TraceId: 6864264f6ab807018461343e437f0154 | SpanId: beda4aeb48ce2740] | DEBUG | [http-nio-auto-1-exec-1] | DispatcherServlet | [LogFormatUtils.java : 120] - GET "/theEntity", parameters={}
2025.07.01 20:17:51.858 | gitwrapped-backend | TraceId: 6864264f6ab807018461343e437f0154 | SpanId: beda4aeb48ce2740] | DEBUG | [http-nio-auto-1-exec-1] | RequestMappingHandlerMapping | [AbstractHandlerMapping.java : 533] - Mapped to de.muenchen.gitwrapped.theentity.TheEntityController#getTheEntitiesByPageAndSize(int, int)
2025.07.01 20:17:51.912 | gitwrapped-backend | TraceId: 6864264f6ab807018461343e437f0154 | SpanId: beda4aeb48ce2740] | INFO | [http-nio-auto-1-exec-1] | TheEntityService | [TheEntityService.java : 31] - Get all TheEntity with at Page 0 with a PageSize of 10
2025.07.01 20:17:52.224 | gitwrapped-backend | TraceId: 6864264f6ab807018461343e437f0154 | SpanId: beda4aeb48ce2740] | DEBUG | [http-nio-auto-1-exec-1] | RequestResponseBodyMethodProcessor | [AbstractMessageConverterMethodProcessor.java : 310] - Using 'application/json', given [text/plain, application/json, application/*+json, */*] and supported [application/json, application/*+json]
2025.07.01 20:17:52.226 | gitwrapped-backend | TraceId: 6864264f6ab807018461343e437f0154 | SpanId: beda4aeb48ce2740] | DEBUG | [http-nio-auto-1-exec-1] | RequestResponseBodyMethodProcessor | [LogFormatUtils.java : 120] - Writing [Page 1 of 0 containing UNKNOWN instances]
2025.07.01 20:17:52.246 | gitwrapped-backend | TraceId: 6864264f6ab807018461343e437f0154 | SpanId: beda4aeb48ce2740] | DEBUG | [http-nio-auto-1-exec-1] | DispatcherServlet | [FrameworkServlet.java : 1138] - Completed 200 OK
2025.07.01 20:17:52.263 | gitwrapped-backend | TraceId: 6864264f6ad54b674c12cfe4c8d5e043 | SpanId: 4c12cfe4c8d5e043] | DEBUG | [main] | RestTemplate | [CompositeLog.java : 127] - Response 200 OK
2025.07.01 20:17:52.267 | gitwrapped-backend | TraceId: 6864264f6ad54b674c12cfe4c8d5e043 | SpanId: 4c12cfe4c8d5e043] | DEBUG | [main] | RestTemplate | [CompositeLog.java : 127] - Reading to [java.lang.String] as "application/json"
]]></system-out>
    <system-err><![CDATA[Mockito is currently self-attaching to enable the inline-mock-maker. This will no longer work in future releases of the JDK. Please add Mockito as an agent to your build what is described in Mockito's documentation: https://javadoc.io/doc/org.mockito/mockito-core/latest/org/mockito/Mockito.html#0.3
WARNING: A Java agent has been loaded dynamically (C:\Users\hayda\.m2\repository\net\bytebuddy\byte-buddy-agent\1.15.11\byte-buddy-agent-1.15.11.jar)
WARNING: If a serviceability tool is in use, please run with -XX:+EnableDynamicAgentLoading to hide this warning
WARNING: If a serviceability tool is not in use, please run with -Djdk.instrument.traceUsage for more information
WARNING: Dynamic loading of agents will be disallowed by default in a future release
]]></system-err>
  </testcase>
</testsuite>