<?xml version="1.0" encoding="UTF-8"?>
<testsuite xmlns:xsi="http://www.w3.org/2001/XMLSchema-instance" xsi:noNamespaceSchemaLocation="https://maven.apache.org/surefire/maven-surefire-plugin/xsd/surefire-test-report.xsd" version="3.0.2" name="de.muenchen.gitwrapped.configuration.UnicodeConfigurationTest" time="6.895" tests="1" errors="0" skipped="0" failures="0">
  <properties>
[...]
</properties>
  <testcase name="testForNfcNormalization" classname="de.muenchen.gitwrapped.configuration.UnicodeConfigurationTest" time="0.419">
    <system-out><![CDATA[2025.04.30 13:50:18.088 | gitwrapped-backend | TraceId:  | SpanId: ] | INFO | [main] | 18 | [GenericContainer.java : 379] - Creating container for image: postgres:16.0-alpine3.18
2025.04.30 13:50:18.299 | gitwrapped-backend | TraceId:  | SpanId: ] | INFO | [main] | 18 | [GenericContainer.java : 443] - Container postgres:16.0-alpine3.18 is starting: 2c29533ab4a0b073d6140cb77ab1c1e6f4ff6257099c5e4dcb3096468570c14e
2025.04.30 13:50:20.300 | gitwrapped-backend | TraceId:  | SpanId: ] | INFO | [main] | 18 | [GenericContainer.java : 533] - Container postgres:16.0-alpine3.18 started in PT2.2125292S
2025.04.30 13:50:20.301 | gitwrapped-backend | TraceId:  | SpanId: ] | INFO | [main] | 18 | [JdbcDatabaseContainer.java : 220] - Container is started (JDBC URL: jdbc:postgresql://localhost:51175/test?loggerLevel=OFF)
---------------------------------------------------------------------------------------------------------------------------------------------------
gitwrapped-backend

Application Version    : 0.0.1-SNAPSHOT
Java Version           : 21.0.5
Spring Boot Version    : 3.4.4
Spring Cloud Version   : 2024.0.1
Active Spring Profiles : 
About                  : This is an Annual Review app for Git Users

This project is based on the reference architecture templates of it@M maintained under https://github.com/it-at-m/refarch-templates.
Do you have suggestions for improvement? Please take a look at https://github.com/it-at-m/refarch-templates/issues/new/choose to open an issue.
If you want to provide a PR please take a look at our Contribution Guidelines.
---------------------------------------------------------------------------------------------------------------------------------------------------

2025.04.30 13:50:20.409 | gitwrapped-backend | TraceId:  | SpanId: ] | INFO | [main] | UnicodeConfigurationTest | [StartupInfoLogger.java : 53] - Starting UnicodeConfigurationTest using Java 21.0.5 with PID 1956 (started by haydar.sheaban in C:\Users\haydar.sheaban\IdeaProjects\git_wrapped\gitwrapped-backend)
2025.04.30 13:50:20.410 | gitwrapped-backend | TraceId:  | SpanId: ] | DEBUG | [main] | UnicodeConfigurationTest | [StartupInfoLogger.java : 54] - Running with Spring Boot v3.4.4, Spring v6.2.5
2025.04.30 13:50:20.411 | gitwrapped-backend | TraceId:  | SpanId: ] | INFO | [main] | UnicodeConfigurationTest | [SpringApplication.java : 658] - The following 2 profiles are active: "test", "no-security"
2025.04.30 13:50:21.291 | gitwrapped-backend | TraceId:  | SpanId: ] | INFO | [main] | RepositoryConfigurationDelegate | [RepositoryConfigurationDelegate.java : 143] - Bootstrapping Spring Data JPA repositories in DEFAULT mode.
2025.04.30 13:50:21.330 | gitwrapped-backend | TraceId:  | SpanId: ] | INFO | [main] | RepositoryConfigurationDelegate | [RepositoryConfigurationDelegate.java : 211] - Finished Spring Data repository scanning in 33 ms. Found 1 JPA repository interface.
2025.04.30 13:50:21.603 | gitwrapped-backend | TraceId:  | SpanId: ] | INFO | [main] | TomcatWebServer | [TomcatWebServer.java : 111] - Tomcat initialized with port 0 (http)
2025.04.30 13:50:21.605 | gitwrapped-backend | TraceId:  | SpanId: ] | INFO | [main] | Http11NioProtocol | [DirectJDKLog.java : 173] - Initializing ProtocolHandler ["http-nio-auto-2"]
2025.04.30 13:50:21.607 | gitwrapped-backend | TraceId:  | SpanId: ] | INFO | [main] | StandardService | [DirectJDKLog.java : 173] - Starting service [Tomcat]
2025.04.30 13:50:21.608 | gitwrapped-backend | TraceId:  | SpanId: ] | INFO | [main] | StandardEngine | [DirectJDKLog.java : 173] - Starting Servlet engine: [Apache Tomcat/10.1.39]
2025.04.30 13:50:21.694 | gitwrapped-backend | TraceId:  | SpanId: ] | INFO | [main] | [/] | [DirectJDKLog.java : 173] - Initializing Spring embedded WebApplicationContext
2025.04.30 13:50:21.695 | gitwrapped-backend | TraceId:  | SpanId: ] | INFO | [main] | ServletWebServerApplicationContext | [ServletWebServerApplicationContext.java : 301] - Root WebApplicationContext: initialization completed in 1279 ms
2025.04.30 13:50:21.947 | gitwrapped-backend | TraceId:  | SpanId: ] | DEBUG | [main] | ServerHttpObservationFilter | [GenericFilterBean.java : 240] - Filter 'webMvcObservationFilter' configured for use
2025.04.30 13:50:21.953 | gitwrapped-backend | TraceId:  | SpanId: ] | INFO | [main] | NfcRequestFilter | [NfcRequestFilter.java : 74] - Enabled content-type filtering to NFC for: text/html; application/json; application/hal+json; text/plain
2025.04.30 13:50:21.954 | gitwrapped-backend | TraceId:  | SpanId: ] | DEBUG | [main] | NfcRequestFilter | [GenericFilterBean.java : 240] - Filter 'nfcRequestFilter' configured for use
2025.04.30 13:50:21.955 | gitwrapped-backend | TraceId:  | SpanId: ] | DEBUG | [main] | ForwardedHeaderFilter | [GenericFilterBean.java : 240] - Filter 'forwardedHeaderFilter' configured for use
2025.04.30 13:50:21.957 | gitwrapped-backend | TraceId:  | SpanId: ] | DEBUG | [main] | CacheControlConfiguration$CacheControlFilter | [GenericFilterBean.java : 240] - Filter 'cacheControlFilter' configured for use
2025.04.30 13:50:22.320 | gitwrapped-backend | TraceId:  | SpanId: ] | INFO | [main] | FlywayExecutor | [Slf4jLog.java : 41] - Database: jdbc:postgresql://localhost:51175/test?loggerLevel=OFF (PostgreSQL 16.0)
2025.04.30 13:50:22.358 | gitwrapped-backend | TraceId:  | SpanId: ] | INFO | [main] | JdbcTableSchemaHistory | [Slf4jLog.java : 41] - Schema history table "public"."flyway_schema_history" does not exist yet
2025.04.30 13:50:22.360 | gitwrapped-backend | TraceId:  | SpanId: ] | INFO | [main] | DbValidate | [Slf4jLog.java : 41] - Successfully validated 1 migration (execution time 00:00.011s)
2025.04.30 13:50:22.388 | gitwrapped-backend | TraceId:  | SpanId: ] | INFO | [main] | JdbcTableSchemaHistory | [Slf4jLog.java : 41] - Creating Schema History table "public"."flyway_schema_history" ...
2025.04.30 13:50:22.464 | gitwrapped-backend | TraceId:  | SpanId: ] | INFO | [main] | DbMigrate | [Slf4jLog.java : 41] - Current version of schema "public": << Empty Schema >>
2025.04.30 13:50:22.475 | gitwrapped-backend | TraceId:  | SpanId: ] | INFO | [main] | DbMigrate | [Slf4jLog.java : 41] - Migrating schema "public" to version "001 - TheEntity schema"
2025.04.30 13:50:22.518 | gitwrapped-backend | TraceId:  | SpanId: ] | INFO | [main] | DbMigrate | [Slf4jLog.java : 41] - Successfully applied 1 migration to schema "public", now at version v001 (execution time 00:00.016s)
2025.04.30 13:50:22.585 | gitwrapped-backend | TraceId:  | SpanId: ] | INFO | [main] | LogHelper | [LogHelper.java : 31] - HHH000204: Processing PersistenceUnitInfo [name: default]
2025.04.30 13:50:22.591 | gitwrapped-backend | TraceId:  | SpanId: ] | INFO | [main] | RegionFactoryInitiator | [RegionFactoryInitiator.java : 50] - HHH000026: Second-level cache disabled
2025.04.30 13:50:22.616 | gitwrapped-backend | TraceId:  | SpanId: ] | INFO | [main] | SpringPersistenceUnitInfo | [SpringPersistenceUnitInfo.java : 87] - No LoadTimeWeaver setup: ignoring JPA class transformer
2025.04.30 13:50:22.618 | gitwrapped-backend | TraceId:  | SpanId: ] | INFO | [main] | HikariDataSource | [HikariDataSource.java : 109] - HikariPool-2 - Starting...
2025.04.30 13:50:22.651 | gitwrapped-backend | TraceId:  | SpanId: ] | INFO | [main] | HikariPool | [HikariPool.java : 554] - HikariPool-2 - Added connection org.postgresql.jdbc.PgConnection@40b3146e
2025.04.30 13:50:22.652 | gitwrapped-backend | TraceId:  | SpanId: ] | INFO | [main] | HikariDataSource | [HikariDataSource.java : 122] - HikariPool-2 - Start completed.
2025.04.30 13:50:22.667 | gitwrapped-backend | TraceId:  | SpanId: ] | INFO | [main] | pooling | [JdbcEnvironmentInitiator.java : 157] - HHH10001005: Database info:
	Database JDBC URL [Connecting through datasource 'HikariDataSource (HikariPool-2)']
	Database driver: undefined/unknown
	Database version: 16.0
	Autocommit mode: undefined/unknown
	Isolation level: undefined/unknown
	Minimum pool size: undefined/unknown
	Maximum pool size: undefined/unknown
2025.04.30 13:50:22.755 | gitwrapped-backend | TraceId:  | SpanId: ] | INFO | [main] | JtaPlatformInitiator | [JtaPlatformInitiator.java : 59] - HHH000489: No JTA platform available (set 'hibernate.transaction.jta.platform' to enable JTA platform integration)
2025.04.30 13:50:22.776 | gitwrapped-backend | TraceId:  | SpanId: ] | INFO | [main] | LocalContainerEntityManagerFactoryBean | [AbstractEntityManagerFactoryBean.java : 447] - Initialized JPA EntityManagerFactory for persistence unit 'default'
2025.04.30 13:50:23.008 | gitwrapped-backend | TraceId:  | SpanId: ] | WARN | [main] | JpaBaseConfiguration$JpaWebConfiguration | [JpaBaseConfiguration.java : 258] - spring.jpa.open-in-view is enabled by default. Therefore, database queries may be performed during view rendering. Explicitly configure spring.jpa.open-in-view to disable this warning
2025.04.30 13:50:23.104 | gitwrapped-backend | TraceId:  | SpanId: ] | DEBUG | [main] | RequestMappingHandlerMapping | [AbstractHandlerMethodMapping.java : 366] - 7 mappings in 'requestMappingHandlerMapping'
2025.04.30 13:50:23.289 | gitwrapped-backend | TraceId:  | SpanId: ] | DEBUG | [main] | SimpleUrlHandlerMapping | [SimpleUrlHandlerMapping.java : 187] - Patterns [/webjars/**, /**] in 'resourceHandlerMapping'
2025.04.30 13:50:23.552 | gitwrapped-backend | TraceId:  | SpanId: ] | INFO | [main] | EndpointLinksResolver | [EndpointLinksResolver.java : 60] - Exposing 2 endpoints beneath base path '/actuator'
2025.04.30 13:50:23.756 | gitwrapped-backend | TraceId:  | SpanId: ] | DEBUG | [main] | RequestMappingHandlerAdapter | [RequestMappingHandlerAdapter.java : 666] - ControllerAdvice beans: 0 @ModelAttribute, 0 @InitBinder, 1 RequestBodyAdvice, 1 ResponseBodyAdvice
2025.04.30 13:50:23.792 | gitwrapped-backend | TraceId:  | SpanId: ] | DEBUG | [main] | ExceptionHandlerExceptionResolver | [ExceptionHandlerExceptionResolver.java : 336] - ControllerAdvice beans: 0 @ExceptionHandler, 1 ResponseBodyAdvice
2025.04.30 13:50:24.055 | gitwrapped-backend | TraceId:  | SpanId: ] | INFO | [main] | Http11NioProtocol | [DirectJDKLog.java : 173] - Starting ProtocolHandler ["http-nio-auto-2"]
2025.04.30 13:50:24.065 | gitwrapped-backend | TraceId:  | SpanId: ] | INFO | [main] | TomcatWebServer | [TomcatWebServer.java : 243] - Tomcat started on port 51188 (http) with context path '/'
2025.04.30 13:50:24.083 | gitwrapped-backend | TraceId:  | SpanId: ] | INFO | [main] | UnicodeConfigurationTest | [StartupInfoLogger.java : 59] - Started UnicodeConfigurationTest in 3.764 seconds (process running for 37.926)
2025.04.30 13:50:24.109 | gitwrapped-backend | TraceId:  | SpanId: ] | DEBUG | [main] | RestTemplate | [CompositeLog.java : 127] - HTTP POST http://localhost:51188/theEntity
2025.04.30 13:50:24.141 | gitwrapped-backend | TraceId: 68120e80d10582418b9b3295adf9108a | SpanId: 8b9b3295adf9108a] | DEBUG | [main] | RestTemplate | [CompositeLog.java : 127] - Accept=[application/json, application/*+json]
2025.04.30 13:50:24.147 | gitwrapped-backend | TraceId: 68120e80d10582418b9b3295adf9108a | SpanId: 8b9b3295adf9108a] | DEBUG | [main] | RestTemplate | [CompositeLog.java : 127] - Writing [TheEntityRequestDTO[textAttribute=Ä-é]] with org.springframework.http.converter.json.MappingJackson2HttpMessageConverter
2025.04.30 13:50:24.158 | gitwrapped-backend | TraceId:  | SpanId: ] | INFO | [http-nio-auto-2-exec-1] | [/] | [DirectJDKLog.java : 173] - Initializing Spring DispatcherServlet 'dispatcherServlet'
2025.04.30 13:50:24.158 | gitwrapped-backend | TraceId:  | SpanId: ] | INFO | [http-nio-auto-2-exec-1] | DispatcherServlet | [FrameworkServlet.java : 532] - Initializing Servlet 'dispatcherServlet'
2025.04.30 13:50:24.159 | gitwrapped-backend | TraceId:  | SpanId: ] | DEBUG | [http-nio-auto-2-exec-1] | DispatcherServlet | [DispatcherServlet.java : 533] - Detected StandardServletMultipartResolver
2025.04.30 13:50:24.159 | gitwrapped-backend | TraceId:  | SpanId: ] | DEBUG | [http-nio-auto-2-exec-1] | DispatcherServlet | [DispatcherServlet.java : 557] - Detected AcceptHeaderLocaleResolver
2025.04.30 13:50:24.159 | gitwrapped-backend | TraceId:  | SpanId: ] | DEBUG | [http-nio-auto-2-exec-1] | DispatcherServlet | [DispatcherServlet.java : 583] - Detected FixedThemeResolver
2025.04.30 13:50:24.161 | gitwrapped-backend | TraceId:  | SpanId: ] | DEBUG | [http-nio-auto-2-exec-1] | DispatcherServlet | [DispatcherServlet.java : 733] - Detected org.springframework.web.servlet.view.DefaultRequestToViewNameTranslator@6265ff7
2025.04.30 13:50:24.162 | gitwrapped-backend | TraceId:  | SpanId: ] | DEBUG | [http-nio-auto-2-exec-1] | DispatcherServlet | [DispatcherServlet.java : 797] - Detected org.springframework.web.servlet.support.SessionFlashMapManager@79f63082
2025.04.30 13:50:24.163 | gitwrapped-backend | TraceId:  | SpanId: ] | DEBUG | [http-nio-auto-2-exec-1] | DispatcherServlet | [FrameworkServlet.java : 549] - enableLoggingRequestDetails='false': request parameters and headers will be masked to prevent unsafe logging of potentially sensitive data
2025.04.30 13:50:24.163 | gitwrapped-backend | TraceId:  | SpanId: ] | INFO | [http-nio-auto-2-exec-1] | DispatcherServlet | [FrameworkServlet.java : 554] - Completed initialization in 4 ms
2025.04.30 13:50:24.169 | gitwrapped-backend | TraceId: 68120e80ff974a72277b3e6cd36f6944 | SpanId: f6a21c5778b009ee] | DEBUG | [http-nio-auto-2-exec-1] | NfcRequestFilter | [NfcRequestFilter.java : 83] - Request-Type=org.springframework.security.web.servletapi.HttpServlet3RequestFactory$Servlet3SecurityContextHolderAwareRequestWrapper
2025.04.30 13:50:24.169 | gitwrapped-backend | TraceId: 68120e80ff974a72277b3e6cd36f6944 | SpanId: f6a21c5778b009ee] | DEBUG | [http-nio-auto-2-exec-1] | NfcRequestFilter | [NfcRequestFilter.java : 84] - Intercepting request for URI /theEntity
2025.04.30 13:50:24.170 | gitwrapped-backend | TraceId: 68120e80ff974a72277b3e6cd36f6944 | SpanId: f6a21c5778b009ee] | DEBUG | [http-nio-auto-2-exec-1] | NfcRequestFilter | [NfcRequestFilter.java : 87] - ContentType for request with URI: "application/json"
2025.04.30 13:50:24.170 | gitwrapped-backend | TraceId: 68120e80ff974a72277b3e6cd36f6944 | SpanId: f6a21c5778b009ee] | DEBUG | [http-nio-auto-2-exec-1] | NfcRequestFilter | [NfcRequestFilter.java : 89] - Processing request /theEntity.
2025.04.30 13:50:24.174 | gitwrapped-backend | TraceId: 68120e80ff974a72277b3e6cd36f6944 | SpanId: f6a21c5778b009ee] | DEBUG | [http-nio-auto-2-exec-1] | NfcHelper | [NfcHelper.java : 39] - String BEFORE nfc conversion: "accept".
2025.04.30 13:50:24.174 | gitwrapped-backend | TraceId: 68120e80ff974a72277b3e6cd36f6944 | SpanId: f6a21c5778b009ee] | DEBUG | [http-nio-auto-2-exec-1] | NfcHelper | [NfcHelper.java : 40] - Length of String BEFORE nfc conversion: 6.
2025.04.30 13:50:24.174 | gitwrapped-backend | TraceId: 68120e80ff974a72277b3e6cd36f6944 | SpanId: f6a21c5778b009ee] | DEBUG | [http-nio-auto-2-exec-1] | NfcHelper | [NfcHelper.java : 42] - String AFTER nfc conversion: "accept".
2025.04.30 13:50:24.176 | gitwrapped-backend | TraceId: 68120e80ff974a72277b3e6cd36f6944 | SpanId: f6a21c5778b009ee] | DEBUG | [http-nio-auto-2-exec-1] | NfcHelper | [NfcHelper.java : 43] - Length of String AFTER nfc conversion: 6.
2025.04.30 13:50:24.176 | gitwrapped-backend | TraceId: 68120e80ff974a72277b3e6cd36f6944 | SpanId: f6a21c5778b009ee] | DEBUG | [http-nio-auto-2-exec-1] | NfcHelper | [NfcHelper.java : 39] - String BEFORE nfc conversion: "application/json, application/*+json".
2025.04.30 13:50:24.176 | gitwrapped-backend | TraceId: 68120e80ff974a72277b3e6cd36f6944 | SpanId: f6a21c5778b009ee] | DEBUG | [http-nio-auto-2-exec-1] | NfcHelper | [NfcHelper.java : 40] - Length of String BEFORE nfc conversion: 36.
2025.04.30 13:50:24.177 | gitwrapped-backend | TraceId: 68120e80ff974a72277b3e6cd36f6944 | SpanId: f6a21c5778b009ee] | DEBUG | [http-nio-auto-2-exec-1] | NfcHelper | [NfcHelper.java : 42] - String AFTER nfc conversion: "application/json, application/*+json".
2025.04.30 13:50:24.177 | gitwrapped-backend | TraceId: 68120e80ff974a72277b3e6cd36f6944 | SpanId: f6a21c5778b009ee] | DEBUG | [http-nio-auto-2-exec-1] | NfcHelper | [NfcHelper.java : 43] - Length of String AFTER nfc conversion: 36.
2025.04.30 13:50:24.177 | gitwrapped-backend | TraceId: 68120e80ff974a72277b3e6cd36f6944 | SpanId: f6a21c5778b009ee] | DEBUG | [http-nio-auto-2-exec-1] | NfcHelper | [NfcHelper.java : 39] - String BEFORE nfc conversion: "content-type".
2025.04.30 13:50:24.177 | gitwrapped-backend | TraceId: 68120e80ff974a72277b3e6cd36f6944 | SpanId: f6a21c5778b009ee] | DEBUG | [http-nio-auto-2-exec-1] | NfcHelper | [NfcHelper.java : 40] - Length of String BEFORE nfc conversion: 12.
2025.04.30 13:50:24.178 | gitwrapped-backend | TraceId: 68120e80ff974a72277b3e6cd36f6944 | SpanId: f6a21c5778b009ee] | DEBUG | [http-nio-auto-2-exec-1] | NfcHelper | [NfcHelper.java : 42] - String AFTER nfc conversion: "content-type".
2025.04.30 13:50:24.178 | gitwrapped-backend | TraceId: 68120e80ff974a72277b3e6cd36f6944 | SpanId: f6a21c5778b009ee] | DEBUG | [http-nio-auto-2-exec-1] | NfcHelper | [NfcHelper.java : 43] - Length of String AFTER nfc conversion: 12.
2025.04.30 13:50:24.179 | gitwrapped-backend | TraceId: 68120e80ff974a72277b3e6cd36f6944 | SpanId: f6a21c5778b009ee] | DEBUG | [http-nio-auto-2-exec-1] | NfcHelper | [NfcHelper.java : 39] - String BEFORE nfc conversion: "application/json".
2025.04.30 13:50:24.179 | gitwrapped-backend | TraceId: 68120e80ff974a72277b3e6cd36f6944 | SpanId: f6a21c5778b009ee] | DEBUG | [http-nio-auto-2-exec-1] | NfcHelper | [NfcHelper.java : 40] - Length of String BEFORE nfc conversion: 16.
2025.04.30 13:50:24.179 | gitwrapped-backend | TraceId: 68120e80ff974a72277b3e6cd36f6944 | SpanId: f6a21c5778b009ee] | DEBUG | [http-nio-auto-2-exec-1] | NfcHelper | [NfcHelper.java : 42] - String AFTER nfc conversion: "application/json".
2025.04.30 13:50:24.180 | gitwrapped-backend | TraceId: 68120e80ff974a72277b3e6cd36f6944 | SpanId: f6a21c5778b009ee] | DEBUG | [http-nio-auto-2-exec-1] | NfcHelper | [NfcHelper.java : 43] - Length of String AFTER nfc conversion: 16.
2025.04.30 13:50:24.180 | gitwrapped-backend | TraceId: 68120e80ff974a72277b3e6cd36f6944 | SpanId: f6a21c5778b009ee] | DEBUG | [http-nio-auto-2-exec-1] | NfcHelper | [NfcHelper.java : 39] - String BEFORE nfc conversion: "accept-encoding".
2025.04.30 13:50:24.181 | gitwrapped-backend | TraceId: 68120e80ff974a72277b3e6cd36f6944 | SpanId: f6a21c5778b009ee] | DEBUG | [http-nio-auto-2-exec-1] | NfcHelper | [NfcHelper.java : 40] - Length of String BEFORE nfc conversion: 15.
2025.04.30 13:50:24.181 | gitwrapped-backend | TraceId: 68120e80ff974a72277b3e6cd36f6944 | SpanId: f6a21c5778b009ee] | DEBUG | [http-nio-auto-2-exec-1] | NfcHelper | [NfcHelper.java : 42] - String AFTER nfc conversion: "accept-encoding".
2025.04.30 13:50:24.182 | gitwrapped-backend | TraceId: 68120e80ff974a72277b3e6cd36f6944 | SpanId: f6a21c5778b009ee] | DEBUG | [http-nio-auto-2-exec-1] | NfcHelper | [NfcHelper.java : 43] - Length of String AFTER nfc conversion: 15.
2025.04.30 13:50:24.182 | gitwrapped-backend | TraceId: 68120e80ff974a72277b3e6cd36f6944 | SpanId: f6a21c5778b009ee] | DEBUG | [http-nio-auto-2-exec-1] | NfcHelper | [NfcHelper.java : 39] - String BEFORE nfc conversion: "gzip, x-gzip, deflate".
2025.04.30 13:50:24.183 | gitwrapped-backend | TraceId: 68120e80ff974a72277b3e6cd36f6944 | SpanId: f6a21c5778b009ee] | DEBUG | [http-nio-auto-2-exec-1] | NfcHelper | [NfcHelper.java : 40] - Length of String BEFORE nfc conversion: 21.
2025.04.30 13:50:24.183 | gitwrapped-backend | TraceId: 68120e80ff974a72277b3e6cd36f6944 | SpanId: f6a21c5778b009ee] | DEBUG | [http-nio-auto-2-exec-1] | NfcHelper | [NfcHelper.java : 42] - String AFTER nfc conversion: "gzip, x-gzip, deflate".
2025.04.30 13:50:24.184 | gitwrapped-backend | TraceId: 68120e80ff974a72277b3e6cd36f6944 | SpanId: f6a21c5778b009ee] | DEBUG | [http-nio-auto-2-exec-1] | NfcHelper | [NfcHelper.java : 43] - Length of String AFTER nfc conversion: 21.
2025.04.30 13:50:24.184 | gitwrapped-backend | TraceId: 68120e80ff974a72277b3e6cd36f6944 | SpanId: f6a21c5778b009ee] | DEBUG | [http-nio-auto-2-exec-1] | NfcHelper | [NfcHelper.java : 39] - String BEFORE nfc conversion: "host".
2025.04.30 13:50:24.185 | gitwrapped-backend | TraceId: 68120e80ff974a72277b3e6cd36f6944 | SpanId: f6a21c5778b009ee] | DEBUG | [http-nio-auto-2-exec-1] | NfcHelper | [NfcHelper.java : 40] - Length of String BEFORE nfc conversion: 4.
2025.04.30 13:50:24.185 | gitwrapped-backend | TraceId: 68120e80ff974a72277b3e6cd36f6944 | SpanId: f6a21c5778b009ee] | DEBUG | [http-nio-auto-2-exec-1] | NfcHelper | [NfcHelper.java : 42] - String AFTER nfc conversion: "host".
2025.04.30 13:50:24.185 | gitwrapped-backend | TraceId: 68120e80ff974a72277b3e6cd36f6944 | SpanId: f6a21c5778b009ee] | DEBUG | [http-nio-auto-2-exec-1] | NfcHelper | [NfcHelper.java : 43] - Length of String AFTER nfc conversion: 4.
2025.04.30 13:50:24.185 | gitwrapped-backend | TraceId: 68120e80ff974a72277b3e6cd36f6944 | SpanId: f6a21c5778b009ee] | DEBUG | [http-nio-auto-2-exec-1] | NfcHelper | [NfcHelper.java : 39] - String BEFORE nfc conversion: "localhost:51188".
2025.04.30 13:50:24.185 | gitwrapped-backend | TraceId: 68120e80ff974a72277b3e6cd36f6944 | SpanId: f6a21c5778b009ee] | DEBUG | [http-nio-auto-2-exec-1] | NfcHelper | [NfcHelper.java : 40] - Length of String BEFORE nfc conversion: 15.
2025.04.30 13:50:24.185 | gitwrapped-backend | TraceId: 68120e80ff974a72277b3e6cd36f6944 | SpanId: f6a21c5778b009ee] | DEBUG | [http-nio-auto-2-exec-1] | NfcHelper | [NfcHelper.java : 42] - String AFTER nfc conversion: "localhost:51188".
2025.04.30 13:50:24.186 | gitwrapped-backend | TraceId: 68120e80ff974a72277b3e6cd36f6944 | SpanId: f6a21c5778b009ee] | DEBUG | [http-nio-auto-2-exec-1] | NfcHelper | [NfcHelper.java : 43] - Length of String AFTER nfc conversion: 15.
2025.04.30 13:50:24.186 | gitwrapped-backend | TraceId: 68120e80ff974a72277b3e6cd36f6944 | SpanId: f6a21c5778b009ee] | DEBUG | [http-nio-auto-2-exec-1] | NfcHelper | [NfcHelper.java : 39] - String BEFORE nfc conversion: "transfer-encoding".
2025.04.30 13:50:24.186 | gitwrapped-backend | TraceId: 68120e80ff974a72277b3e6cd36f6944 | SpanId: f6a21c5778b009ee] | DEBUG | [http-nio-auto-2-exec-1] | NfcHelper | [NfcHelper.java : 40] - Length of String BEFORE nfc conversion: 17.
2025.04.30 13:50:24.186 | gitwrapped-backend | TraceId: 68120e80ff974a72277b3e6cd36f6944 | SpanId: f6a21c5778b009ee] | DEBUG | [http-nio-auto-2-exec-1] | NfcHelper | [NfcHelper.java : 42] - String AFTER nfc conversion: "transfer-encoding".
2025.04.30 13:50:24.186 | gitwrapped-backend | TraceId: 68120e80ff974a72277b3e6cd36f6944 | SpanId: f6a21c5778b009ee] | DEBUG | [http-nio-auto-2-exec-1] | NfcHelper | [NfcHelper.java : 43] - Length of String AFTER nfc conversion: 17.
2025.04.30 13:50:24.186 | gitwrapped-backend | TraceId: 68120e80ff974a72277b3e6cd36f6944 | SpanId: f6a21c5778b009ee] | DEBUG | [http-nio-auto-2-exec-1] | NfcHelper | [NfcHelper.java : 39] - String BEFORE nfc conversion: "chunked".
2025.04.30 13:50:24.187 | gitwrapped-backend | TraceId: 68120e80ff974a72277b3e6cd36f6944 | SpanId: f6a21c5778b009ee] | DEBUG | [http-nio-auto-2-exec-1] | NfcHelper | [NfcHelper.java : 40] - Length of String BEFORE nfc conversion: 7.
2025.04.30 13:50:24.187 | gitwrapped-backend | TraceId: 68120e80ff974a72277b3e6cd36f6944 | SpanId: f6a21c5778b009ee] | DEBUG | [http-nio-auto-2-exec-1] | NfcHelper | [NfcHelper.java : 42] - String AFTER nfc conversion: "chunked".
2025.04.30 13:50:24.187 | gitwrapped-backend | TraceId: 68120e80ff974a72277b3e6cd36f6944 | SpanId: f6a21c5778b009ee] | DEBUG | [http-nio-auto-2-exec-1] | NfcHelper | [NfcHelper.java : 43] - Length of String AFTER nfc conversion: 7.
2025.04.30 13:50:24.187 | gitwrapped-backend | TraceId: 68120e80ff974a72277b3e6cd36f6944 | SpanId: f6a21c5778b009ee] | DEBUG | [http-nio-auto-2-exec-1] | NfcHelper | [NfcHelper.java : 39] - String BEFORE nfc conversion: "connection".
2025.04.30 13:50:24.187 | gitwrapped-backend | TraceId: 68120e80ff974a72277b3e6cd36f6944 | SpanId: f6a21c5778b009ee] | DEBUG | [http-nio-auto-2-exec-1] | NfcHelper | [NfcHelper.java : 40] - Length of String BEFORE nfc conversion: 10.
2025.04.30 13:50:24.188 | gitwrapped-backend | TraceId: 68120e80ff974a72277b3e6cd36f6944 | SpanId: f6a21c5778b009ee] | DEBUG | [http-nio-auto-2-exec-1] | NfcHelper | [NfcHelper.java : 42] - String AFTER nfc conversion: "connection".
2025.04.30 13:50:24.188 | gitwrapped-backend | TraceId: 68120e80ff974a72277b3e6cd36f6944 | SpanId: f6a21c5778b009ee] | DEBUG | [http-nio-auto-2-exec-1] | NfcHelper | [NfcHelper.java : 43] - Length of String AFTER nfc conversion: 10.
2025.04.30 13:50:24.188 | gitwrapped-backend | TraceId: 68120e80ff974a72277b3e6cd36f6944 | SpanId: f6a21c5778b009ee] | DEBUG | [http-nio-auto-2-exec-1] | NfcHelper | [NfcHelper.java : 39] - String BEFORE nfc conversion: "keep-alive".
2025.04.30 13:50:24.188 | gitwrapped-backend | TraceId: 68120e80ff974a72277b3e6cd36f6944 | SpanId: f6a21c5778b009ee] | DEBUG | [http-nio-auto-2-exec-1] | NfcHelper | [NfcHelper.java : 40] - Length of String BEFORE nfc conversion: 10.
2025.04.30 13:50:24.188 | gitwrapped-backend | TraceId: 68120e80ff974a72277b3e6cd36f6944 | SpanId: f6a21c5778b009ee] | DEBUG | [http-nio-auto-2-exec-1] | NfcHelper | [NfcHelper.java : 42] - String AFTER nfc conversion: "keep-alive".
2025.04.30 13:50:24.189 | gitwrapped-backend | TraceId: 68120e80ff974a72277b3e6cd36f6944 | SpanId: f6a21c5778b009ee] | DEBUG | [http-nio-auto-2-exec-1] | NfcHelper | [NfcHelper.java : 43] - Length of String AFTER nfc conversion: 10.
2025.04.30 13:50:24.189 | gitwrapped-backend | TraceId: 68120e80ff974a72277b3e6cd36f6944 | SpanId: f6a21c5778b009ee] | DEBUG | [http-nio-auto-2-exec-1] | NfcHelper | [NfcHelper.java : 39] - String BEFORE nfc conversion: "user-agent".
2025.04.30 13:50:24.189 | gitwrapped-backend | TraceId: 68120e80ff974a72277b3e6cd36f6944 | SpanId: f6a21c5778b009ee] | DEBUG | [http-nio-auto-2-exec-1] | NfcHelper | [NfcHelper.java : 40] - Length of String BEFORE nfc conversion: 10.
2025.04.30 13:50:24.189 | gitwrapped-backend | TraceId: 68120e80ff974a72277b3e6cd36f6944 | SpanId: f6a21c5778b009ee] | DEBUG | [http-nio-auto-2-exec-1] | NfcHelper | [NfcHelper.java : 42] - String AFTER nfc conversion: "user-agent".
2025.04.30 13:50:24.190 | gitwrapped-backend | TraceId: 68120e80ff974a72277b3e6cd36f6944 | SpanId: f6a21c5778b009ee] | DEBUG | [http-nio-auto-2-exec-1] | NfcHelper | [NfcHelper.java : 43] - Length of String AFTER nfc conversion: 10.
2025.04.30 13:50:24.190 | gitwrapped-backend | TraceId: 68120e80ff974a72277b3e6cd36f6944 | SpanId: f6a21c5778b009ee] | DEBUG | [http-nio-auto-2-exec-1] | NfcHelper | [NfcHelper.java : 39] - String BEFORE nfc conversion: "Apache-HttpClient/5.4.2 (Java/21.0.5)".
2025.04.30 13:50:24.192 | gitwrapped-backend | TraceId: 68120e80ff974a72277b3e6cd36f6944 | SpanId: f6a21c5778b009ee] | DEBUG | [http-nio-auto-2-exec-1] | NfcHelper | [NfcHelper.java : 40] - Length of String BEFORE nfc conversion: 37.
2025.04.30 13:50:24.192 | gitwrapped-backend | TraceId: 68120e80ff974a72277b3e6cd36f6944 | SpanId: f6a21c5778b009ee] | DEBUG | [http-nio-auto-2-exec-1] | NfcHelper | [NfcHelper.java : 42] - String AFTER nfc conversion: "Apache-HttpClient/5.4.2 (Java/21.0.5)".
2025.04.30 13:50:24.192 | gitwrapped-backend | TraceId: 68120e80ff974a72277b3e6cd36f6944 | SpanId: f6a21c5778b009ee] | DEBUG | [http-nio-auto-2-exec-1] | NfcHelper | [NfcHelper.java : 43] - Length of String AFTER nfc conversion: 37.
2025.04.30 13:50:24.193 | gitwrapped-backend | TraceId: 68120e80ff974a72277b3e6cd36f6944 | SpanId: f6a21c5778b009ee] | DEBUG | [http-nio-auto-2-exec-1] | NfcHelper | [NfcHelper.java : 35] - String BEFORE nfc conversion is "null".
2025.04.30 13:50:24.193 | gitwrapped-backend | TraceId: 68120e80ff974a72277b3e6cd36f6944 | SpanId: f6a21c5778b009ee] | DEBUG | [http-nio-auto-2-exec-1] | NfcHelper | [NfcHelper.java : 39] - String BEFORE nfc conversion: "/theEntity".
2025.04.30 13:50:24.194 | gitwrapped-backend | TraceId: 68120e80ff974a72277b3e6cd36f6944 | SpanId: f6a21c5778b009ee] | DEBUG | [http-nio-auto-2-exec-1] | NfcHelper | [NfcHelper.java : 40] - Length of String BEFORE nfc conversion: 10.
2025.04.30 13:50:24.194 | gitwrapped-backend | TraceId: 68120e80ff974a72277b3e6cd36f6944 | SpanId: f6a21c5778b009ee] | DEBUG | [http-nio-auto-2-exec-1] | NfcHelper | [NfcHelper.java : 42] - String AFTER nfc conversion: "/theEntity".
2025.04.30 13:50:24.195 | gitwrapped-backend | TraceId: 68120e80ff974a72277b3e6cd36f6944 | SpanId: f6a21c5778b009ee] | DEBUG | [http-nio-auto-2-exec-1] | NfcHelper | [NfcHelper.java : 43] - Length of String AFTER nfc conversion: 10.
2025.04.30 13:50:24.195 | gitwrapped-backend | TraceId: 68120e80ff974a72277b3e6cd36f6944 | SpanId: f6a21c5778b009ee] | DEBUG | [http-nio-auto-2-exec-1] | DispatcherServlet | [LogFormatUtils.java : 120] - POST "/theEntity", parameters={}
2025.04.30 13:50:24.196 | gitwrapped-backend | TraceId: 68120e80ff974a72277b3e6cd36f6944 | SpanId: f6a21c5778b009ee] | DEBUG | [http-nio-auto-2-exec-1] | NfcHelper | [NfcHelper.java : 39] - String BEFORE nfc conversion: "/theEntity".
2025.04.30 13:50:24.196 | gitwrapped-backend | TraceId: 68120e80ff974a72277b3e6cd36f6944 | SpanId: f6a21c5778b009ee] | DEBUG | [http-nio-auto-2-exec-1] | NfcHelper | [NfcHelper.java : 40] - Length of String BEFORE nfc conversion: 10.
2025.04.30 13:50:24.196 | gitwrapped-backend | TraceId: 68120e80ff974a72277b3e6cd36f6944 | SpanId: f6a21c5778b009ee] | DEBUG | [http-nio-auto-2-exec-1] | NfcHelper | [NfcHelper.java : 42] - String AFTER nfc conversion: "/theEntity".
2025.04.30 13:50:24.196 | gitwrapped-backend | TraceId: 68120e80ff974a72277b3e6cd36f6944 | SpanId: f6a21c5778b009ee] | DEBUG | [http-nio-auto-2-exec-1] | NfcHelper | [NfcHelper.java : 43] - Length of String AFTER nfc conversion: 10.
2025.04.30 13:50:24.196 | gitwrapped-backend | TraceId: 68120e80ff974a72277b3e6cd36f6944 | SpanId: f6a21c5778b009ee] | DEBUG | [http-nio-auto-2-exec-1] | NfcHelper | [NfcHelper.java : 39] - String BEFORE nfc conversion: "".
2025.04.30 13:50:24.197 | gitwrapped-backend | TraceId: 68120e80ff974a72277b3e6cd36f6944 | SpanId: f6a21c5778b009ee] | DEBUG | [http-nio-auto-2-exec-1] | NfcHelper | [NfcHelper.java : 40] - Length of String BEFORE nfc conversion: 0.
2025.04.30 13:50:24.197 | gitwrapped-backend | TraceId: 68120e80ff974a72277b3e6cd36f6944 | SpanId: f6a21c5778b009ee] | DEBUG | [http-nio-auto-2-exec-1] | NfcHelper | [NfcHelper.java : 42] - String AFTER nfc conversion: "".
2025.04.30 13:50:24.197 | gitwrapped-backend | TraceId: 68120e80ff974a72277b3e6cd36f6944 | SpanId: f6a21c5778b009ee] | DEBUG | [http-nio-auto-2-exec-1] | NfcHelper | [NfcHelper.java : 43] - Length of String AFTER nfc conversion: 0.
2025.04.30 13:50:24.198 | gitwrapped-backend | TraceId: 68120e80ff974a72277b3e6cd36f6944 | SpanId: f6a21c5778b009ee] | DEBUG | [http-nio-auto-2-exec-1] | RequestMappingHandlerMapping | [AbstractHandlerMapping.java : 533] - Mapped to de.muenchen.gitwrapped.theentity.TheEntityController#saveTheEntity(TheEntityRequestDTO)
2025.04.30 13:50:24.226 | gitwrapped-backend | TraceId: 68120e80ff974a72277b3e6cd36f6944 | SpanId: f6a21c5778b009ee] | DEBUG | [http-nio-auto-2-exec-1] | NfcHelper | [NfcHelper.java : 39] - String BEFORE nfc conversion: "accept-encoding".
2025.04.30 13:50:24.227 | gitwrapped-backend | TraceId: 68120e80ff974a72277b3e6cd36f6944 | SpanId: f6a21c5778b009ee] | DEBUG | [http-nio-auto-2-exec-1] | NfcHelper | [NfcHelper.java : 40] - Length of String BEFORE nfc conversion: 15.
2025.04.30 13:50:24.227 | gitwrapped-backend | TraceId: 68120e80ff974a72277b3e6cd36f6944 | SpanId: f6a21c5778b009ee] | DEBUG | [http-nio-auto-2-exec-1] | NfcHelper | [NfcHelper.java : 42] - String AFTER nfc conversion: "accept-encoding".
2025.04.30 13:50:24.227 | gitwrapped-backend | TraceId: 68120e80ff974a72277b3e6cd36f6944 | SpanId: f6a21c5778b009ee] | DEBUG | [http-nio-auto-2-exec-1] | NfcHelper | [NfcHelper.java : 43] - Length of String AFTER nfc conversion: 15.
2025.04.30 13:50:24.228 | gitwrapped-backend | TraceId: 68120e80ff974a72277b3e6cd36f6944 | SpanId: f6a21c5778b009ee] | DEBUG | [http-nio-auto-2-exec-1] | NfcHelper | [NfcHelper.java : 39] - String BEFORE nfc conversion: "connection".
2025.04.30 13:50:24.228 | gitwrapped-backend | TraceId: 68120e80ff974a72277b3e6cd36f6944 | SpanId: f6a21c5778b009ee] | DEBUG | [http-nio-auto-2-exec-1] | NfcHelper | [NfcHelper.java : 40] - Length of String BEFORE nfc conversion: 10.
2025.04.30 13:50:24.228 | gitwrapped-backend | TraceId: 68120e80ff974a72277b3e6cd36f6944 | SpanId: f6a21c5778b009ee] | DEBUG | [http-nio-auto-2-exec-1] | NfcHelper | [NfcHelper.java : 42] - String AFTER nfc conversion: "connection".
2025.04.30 13:50:24.229 | gitwrapped-backend | TraceId: 68120e80ff974a72277b3e6cd36f6944 | SpanId: f6a21c5778b009ee] | DEBUG | [http-nio-auto-2-exec-1] | NfcHelper | [NfcHelper.java : 43] - Length of String AFTER nfc conversion: 10.
2025.04.30 13:50:24.229 | gitwrapped-backend | TraceId: 68120e80ff974a72277b3e6cd36f6944 | SpanId: f6a21c5778b009ee] | DEBUG | [http-nio-auto-2-exec-1] | NfcHelper | [NfcHelper.java : 39] - String BEFORE nfc conversion: "host".
2025.04.30 13:50:24.229 | gitwrapped-backend | TraceId: 68120e80ff974a72277b3e6cd36f6944 | SpanId: f6a21c5778b009ee] | DEBUG | [http-nio-auto-2-exec-1] | NfcHelper | [NfcHelper.java : 40] - Length of String BEFORE nfc conversion: 4.
2025.04.30 13:50:24.229 | gitwrapped-backend | TraceId: 68120e80ff974a72277b3e6cd36f6944 | SpanId: f6a21c5778b009ee] | DEBUG | [http-nio-auto-2-exec-1] | NfcHelper | [NfcHelper.java : 42] - String AFTER nfc conversion: "host".
2025.04.30 13:50:24.230 | gitwrapped-backend | TraceId: 68120e80ff974a72277b3e6cd36f6944 | SpanId: f6a21c5778b009ee] | DEBUG | [http-nio-auto-2-exec-1] | NfcHelper | [NfcHelper.java : 43] - Length of String AFTER nfc conversion: 4.
2025.04.30 13:50:24.230 | gitwrapped-backend | TraceId: 68120e80ff974a72277b3e6cd36f6944 | SpanId: f6a21c5778b009ee] | DEBUG | [http-nio-auto-2-exec-1] | NfcHelper | [NfcHelper.java : 39] - String BEFORE nfc conversion: "user-agent".
2025.04.30 13:50:24.230 | gitwrapped-backend | TraceId: 68120e80ff974a72277b3e6cd36f6944 | SpanId: f6a21c5778b009ee] | DEBUG | [http-nio-auto-2-exec-1] | NfcHelper | [NfcHelper.java : 40] - Length of String BEFORE nfc conversion: 10.
2025.04.30 13:50:24.230 | gitwrapped-backend | TraceId: 68120e80ff974a72277b3e6cd36f6944 | SpanId: f6a21c5778b009ee] | DEBUG | [http-nio-auto-2-exec-1] | NfcHelper | [NfcHelper.java : 42] - String AFTER nfc conversion: "user-agent".
2025.04.30 13:50:24.230 | gitwrapped-backend | TraceId: 68120e80ff974a72277b3e6cd36f6944 | SpanId: f6a21c5778b009ee] | DEBUG | [http-nio-auto-2-exec-1] | NfcHelper | [NfcHelper.java : 43] - Length of String AFTER nfc conversion: 10.
2025.04.30 13:50:24.231 | gitwrapped-backend | TraceId: 68120e80ff974a72277b3e6cd36f6944 | SpanId: f6a21c5778b009ee] | DEBUG | [http-nio-auto-2-exec-1] | NfcHelper | [NfcHelper.java : 39] - String BEFORE nfc conversion: "transfer-encoding".
2025.04.30 13:50:24.231 | gitwrapped-backend | TraceId: 68120e80ff974a72277b3e6cd36f6944 | SpanId: f6a21c5778b009ee] | DEBUG | [http-nio-auto-2-exec-1] | NfcHelper | [NfcHelper.java : 40] - Length of String BEFORE nfc conversion: 17.
2025.04.30 13:50:24.232 | gitwrapped-backend | TraceId: 68120e80ff974a72277b3e6cd36f6944 | SpanId: f6a21c5778b009ee] | DEBUG | [http-nio-auto-2-exec-1] | NfcHelper | [NfcHelper.java : 42] - String AFTER nfc conversion: "transfer-encoding".
2025.04.30 13:50:24.232 | gitwrapped-backend | TraceId: 68120e80ff974a72277b3e6cd36f6944 | SpanId: f6a21c5778b009ee] | DEBUG | [http-nio-auto-2-exec-1] | NfcHelper | [NfcHelper.java : 43] - Length of String AFTER nfc conversion: 17.
2025.04.30 13:50:24.233 | gitwrapped-backend | TraceId: 68120e80ff974a72277b3e6cd36f6944 | SpanId: f6a21c5778b009ee] | DEBUG | [http-nio-auto-2-exec-1] | NfcHelper | [NfcHelper.java : 39] - String BEFORE nfc conversion: "content-type".
2025.04.30 13:50:24.233 | gitwrapped-backend | TraceId: 68120e80ff974a72277b3e6cd36f6944 | SpanId: f6a21c5778b009ee] | DEBUG | [http-nio-auto-2-exec-1] | NfcHelper | [NfcHelper.java : 40] - Length of String BEFORE nfc conversion: 12.
2025.04.30 13:50:24.234 | gitwrapped-backend | TraceId: 68120e80ff974a72277b3e6cd36f6944 | SpanId: f6a21c5778b009ee] | DEBUG | [http-nio-auto-2-exec-1] | NfcHelper | [NfcHelper.java : 42] - String AFTER nfc conversion: "content-type".
2025.04.30 13:50:24.234 | gitwrapped-backend | TraceId: 68120e80ff974a72277b3e6cd36f6944 | SpanId: f6a21c5778b009ee] | DEBUG | [http-nio-auto-2-exec-1] | NfcHelper | [NfcHelper.java : 43] - Length of String AFTER nfc conversion: 12.
2025.04.30 13:50:24.234 | gitwrapped-backend | TraceId: 68120e80ff974a72277b3e6cd36f6944 | SpanId: f6a21c5778b009ee] | DEBUG | [http-nio-auto-2-exec-1] | NfcHelper | [NfcHelper.java : 39] - String BEFORE nfc conversion: "accept".
2025.04.30 13:50:24.235 | gitwrapped-backend | TraceId: 68120e80ff974a72277b3e6cd36f6944 | SpanId: f6a21c5778b009ee] | DEBUG | [http-nio-auto-2-exec-1] | NfcHelper | [NfcHelper.java : 40] - Length of String BEFORE nfc conversion: 6.
2025.04.30 13:50:24.235 | gitwrapped-backend | TraceId: 68120e80ff974a72277b3e6cd36f6944 | SpanId: f6a21c5778b009ee] | DEBUG | [http-nio-auto-2-exec-1] | NfcHelper | [NfcHelper.java : 42] - String AFTER nfc conversion: "accept".
2025.04.30 13:50:24.235 | gitwrapped-backend | TraceId: 68120e80ff974a72277b3e6cd36f6944 | SpanId: f6a21c5778b009ee] | DEBUG | [http-nio-auto-2-exec-1] | NfcHelper | [NfcHelper.java : 43] - Length of String AFTER nfc conversion: 6.
2025.04.30 13:50:24.239 | gitwrapped-backend | TraceId: 68120e80ff974a72277b3e6cd36f6944 | SpanId: f6a21c5778b009ee] | DEBUG | [http-nio-auto-2-exec-1] | NfcRequest | [NfcRequest.java : 200] - Converting InputStream data to NFC.
2025.04.30 13:50:24.240 | gitwrapped-backend | TraceId: 68120e80ff974a72277b3e6cd36f6944 | SpanId: f6a21c5778b009ee] | DEBUG | [http-nio-auto-2-exec-1] | NfcHelper | [NfcHelper.java : 39] - String BEFORE nfc conversion: "{"textAttribute":"Ä-é"}".
2025.04.30 13:50:24.240 | gitwrapped-backend | TraceId: 68120e80ff974a72277b3e6cd36f6944 | SpanId: f6a21c5778b009ee] | DEBUG | [http-nio-auto-2-exec-1] | NfcHelper | [NfcHelper.java : 40] - Length of String BEFORE nfc conversion: 25.
2025.04.30 13:50:24.241 | gitwrapped-backend | TraceId: 68120e80ff974a72277b3e6cd36f6944 | SpanId: f6a21c5778b009ee] | DEBUG | [http-nio-auto-2-exec-1] | NfcHelper | [NfcHelper.java : 42] - String AFTER nfc conversion: "{"textAttribute":"Ä-é"}".
2025.04.30 13:50:24.241 | gitwrapped-backend | TraceId: 68120e80ff974a72277b3e6cd36f6944 | SpanId: f6a21c5778b009ee] | DEBUG | [http-nio-auto-2-exec-1] | NfcHelper | [NfcHelper.java : 43] - Length of String AFTER nfc conversion: 23.
2025.04.30 13:50:24.274 | gitwrapped-backend | TraceId: 68120e80ff974a72277b3e6cd36f6944 | SpanId: f6a21c5778b009ee] | DEBUG | [http-nio-auto-2-exec-1] | RequestResponseBodyMethodProcessor | [LogFormatUtils.java : 120] - Read "application/json;charset=UTF-8" to [TheEntityRequestDTO[textAttribute=Ä-é]]
2025.04.30 13:50:24.348 | gitwrapped-backend | TraceId: 68120e80ff974a72277b3e6cd36f6944 | SpanId: f6a21c5778b009ee] | DEBUG | [http-nio-auto-2-exec-1] | TheEntityService | [TheEntityService.java : 38] - Create TheEntity TheEntity(super=BaseEntity(id=null), textAttribute=Ä-é)
2025.04.30 13:50:24.466 | gitwrapped-backend | TraceId: 68120e80ff974a72277b3e6cd36f6944 | SpanId: f6a21c5778b009ee] | DEBUG | [http-nio-auto-2-exec-1] | NfcHelper | [NfcHelper.java : 39] - String BEFORE nfc conversion: "Accept".
2025.04.30 13:50:24.466 | gitwrapped-backend | TraceId: 68120e80ff974a72277b3e6cd36f6944 | SpanId: f6a21c5778b009ee] | DEBUG | [http-nio-auto-2-exec-1] | NfcHelper | [NfcHelper.java : 40] - Length of String BEFORE nfc conversion: 6.
2025.04.30 13:50:24.466 | gitwrapped-backend | TraceId: 68120e80ff974a72277b3e6cd36f6944 | SpanId: f6a21c5778b009ee] | DEBUG | [http-nio-auto-2-exec-1] | NfcHelper | [NfcHelper.java : 42] - String AFTER nfc conversion: "Accept".
2025.04.30 13:50:24.466 | gitwrapped-backend | TraceId: 68120e80ff974a72277b3e6cd36f6944 | SpanId: f6a21c5778b009ee] | DEBUG | [http-nio-auto-2-exec-1] | NfcHelper | [NfcHelper.java : 43] - Length of String AFTER nfc conversion: 6.
2025.04.30 13:50:24.471 | gitwrapped-backend | TraceId: 68120e80ff974a72277b3e6cd36f6944 | SpanId: f6a21c5778b009ee] | DEBUG | [http-nio-auto-2-exec-1] | RequestResponseBodyMethodProcessor | [AbstractMessageConverterMethodProcessor.java : 310] - Using 'application/json', given [application/json, application/*+json] and supported [application/json, application/*+json]
2025.04.30 13:50:24.473 | gitwrapped-backend | TraceId: 68120e80ff974a72277b3e6cd36f6944 | SpanId: f6a21c5778b009ee] | DEBUG | [http-nio-auto-2-exec-1] | RequestResponseBodyMethodProcessor | [LogFormatUtils.java : 120] - Writing [TheEntityResponseDTO[id=d8bda1a3-5228-4bd6-91dc-ff6c254c560c, textAttribute=Ä-é]]
2025.04.30 13:50:24.473 | gitwrapped-backend | TraceId: 68120e80ff974a72277b3e6cd36f6944 | SpanId: f6a21c5778b009ee] | DEBUG | [http-nio-auto-2-exec-1] | NfcHelper | [NfcHelper.java : 39] - String BEFORE nfc conversion: "/theEntity".
2025.04.30 13:50:24.473 | gitwrapped-backend | TraceId: 68120e80ff974a72277b3e6cd36f6944 | SpanId: f6a21c5778b009ee] | DEBUG | [http-nio-auto-2-exec-1] | NfcHelper | [NfcHelper.java : 40] - Length of String BEFORE nfc conversion: 10.
2025.04.30 13:50:24.474 | gitwrapped-backend | TraceId: 68120e80ff974a72277b3e6cd36f6944 | SpanId: f6a21c5778b009ee] | DEBUG | [http-nio-auto-2-exec-1] | NfcHelper | [NfcHelper.java : 42] - String AFTER nfc conversion: "/theEntity".
2025.04.30 13:50:24.474 | gitwrapped-backend | TraceId: 68120e80ff974a72277b3e6cd36f6944 | SpanId: f6a21c5778b009ee] | DEBUG | [http-nio-auto-2-exec-1] | NfcHelper | [NfcHelper.java : 43] - Length of String AFTER nfc conversion: 10.
2025.04.30 13:50:24.475 | gitwrapped-backend | TraceId: 68120e80d10582418b9b3295adf9108a | SpanId: 8b9b3295adf9108a] | DEBUG | [main] | RestTemplate | [CompositeLog.java : 127] - Response 201 CREATED
2025.04.30 13:50:24.475 | gitwrapped-backend | TraceId: 68120e80ff974a72277b3e6cd36f6944 | SpanId: f6a21c5778b009ee] | DEBUG | [http-nio-auto-2-exec-1] | DispatcherServlet | [FrameworkServlet.java : 1138] - Completed 201 CREATED
2025.04.30 13:50:24.476 | gitwrapped-backend | TraceId: 68120e80ff974a72277b3e6cd36f6944 | SpanId: f6a21c5778b009ee] | DEBUG | [http-nio-auto-2-exec-1] | NfcHelper | [NfcHelper.java : 39] - String BEFORE nfc conversion: "/theEntity".
2025.04.30 13:50:24.476 | gitwrapped-backend | TraceId: 68120e80d10582418b9b3295adf9108a | SpanId: 8b9b3295adf9108a] | DEBUG | [main] | RestTemplate | [CompositeLog.java : 127] - Reading to [de.muenchen.gitwrapped.theentity.dto.TheEntityResponseDTO]
2025.04.30 13:50:24.476 | gitwrapped-backend | TraceId: 68120e80ff974a72277b3e6cd36f6944 | SpanId: f6a21c5778b009ee] | DEBUG | [http-nio-auto-2-exec-1] | NfcHelper | [NfcHelper.java : 40] - Length of String BEFORE nfc conversion: 10.
2025.04.30 13:50:24.477 | gitwrapped-backend | TraceId: 68120e80ff974a72277b3e6cd36f6944 | SpanId: f6a21c5778b009ee] | DEBUG | [http-nio-auto-2-exec-1] | NfcHelper | [NfcHelper.java : 42] - String AFTER nfc conversion: "/theEntity".
2025.04.30 13:50:24.477 | gitwrapped-backend | TraceId: 68120e80ff974a72277b3e6cd36f6944 | SpanId: f6a21c5778b009ee] | DEBUG | [http-nio-auto-2-exec-1] | NfcHelper | [NfcHelper.java : 43] - Length of String AFTER nfc conversion: 10.
]]></system-out>
  </testcase>
</testsuite>